#! /opt/homebrew/Cellar/icarus-verilog/12.0/bin/vvp
:ivl_version "12.0 (stable)";
:ivl_delay_selection "TYPICAL";
:vpi_time_precision + 0;
:vpi_module "/opt/homebrew/Cellar/icarus-verilog/12.0/lib/ivl/system.vpi";
:vpi_module "/opt/homebrew/Cellar/icarus-verilog/12.0/lib/ivl/vhdl_sys.vpi";
:vpi_module "/opt/homebrew/Cellar/icarus-verilog/12.0/lib/ivl/vhdl_textio.vpi";
:vpi_module "/opt/homebrew/Cellar/icarus-verilog/12.0/lib/ivl/v2005_math.vpi";
:vpi_module "/opt/homebrew/Cellar/icarus-verilog/12.0/lib/ivl/va_math.vpi";
S_0x14e60aa80 .scope module, "ALU_tb" "ALU_tb" 2 32;
 .timescale 0 0;
v0x14e626080_0 .var "ALUControl", 3 0;
v0x14e626150_0 .net "ALUResult", 31 0, v0x14e6255f0_0;  1 drivers
v0x14e6261e0_0 .var "ALUSrc", 1 0;
v0x14e626290_0 .var "ReadData1", 31 0;
v0x14e626340_0 .var "ReadData2", 31 0;
v0x14e626410_0 .var "imm32", 31 0;
v0x14e6264c0_0 .net "zero", 0 0, L_0x14e626b00;  1 drivers
S_0x14e60abf0 .scope module, "uut" "ALU" 2 39, 2 1 0, S_0x14e60aa80;
 .timescale 0 0;
    .port_info 0 /INPUT 4 "ALUControl";
    .port_info 1 /INPUT 2 "ALUSrc";
    .port_info 2 /INPUT 32 "ReadData1";
    .port_info 3 /INPUT 32 "ReadData2";
    .port_info 4 /INPUT 32 "imm32";
    .port_info 5 /OUTPUT 32 "ALUResult";
    .port_info 6 /OUTPUT 1 "zero";
v0x14e612390_0 .net "ALUControl", 3 0, v0x14e626080_0;  1 drivers
v0x14e6255f0_0 .var "ALUResult", 31 0;
v0x14e6256a0_0 .net "ALUSrc", 1 0, v0x14e6261e0_0;  1 drivers
v0x14e625760_0 .net "ReadData1", 31 0, v0x14e626290_0;  1 drivers
v0x14e625810_0 .net "ReadData2", 31 0, v0x14e626340_0;  1 drivers
L_0x150078010 .functor BUFT 1, C4<00>, C4<0>, C4<0>, C4<0>;
v0x14e625900_0 .net/2u *"_ivl_0", 1 0, L_0x150078010;  1 drivers
v0x14e6259b0_0 .net *"_ivl_10", 31 0, L_0x14e626800;  1 drivers
L_0x1500780e8 .functor BUFT 1, C4<00000000000000000000000000000000>, C4<0>, C4<0>, C4<0>;
v0x14e625a60_0 .net/2u *"_ivl_14", 31 0, L_0x1500780e8;  1 drivers
v0x14e625b10_0 .net *"_ivl_2", 0 0, L_0x14e626590;  1 drivers
L_0x150078058 .functor BUFT 1, C4<01>, C4<0>, C4<0>, C4<0>;
v0x14e625c20_0 .net/2u *"_ivl_4", 1 0, L_0x150078058;  1 drivers
v0x14e625cc0_0 .net *"_ivl_6", 0 0, L_0x14e6266d0;  1 drivers
L_0x1500780a0 .functor BUFT 1, C4<00000000000000000000000000000000>, C4<0>, C4<0>, C4<0>;
v0x14e625d60_0 .net/2u *"_ivl_8", 31 0, L_0x1500780a0;  1 drivers
v0x14e625e10_0 .net "imm32", 31 0, v0x14e626410_0;  1 drivers
v0x14e625ec0_0 .net "operand2", 31 0, L_0x14e6269a0;  1 drivers
v0x14e625f70_0 .net "zero", 0 0, L_0x14e626b00;  alias, 1 drivers
E_0x14e60bb10 .event anyedge, v0x14e612390_0, v0x14e625760_0, v0x14e625ec0_0;
L_0x14e626590 .cmp/eq 2, v0x14e6261e0_0, L_0x150078010;
L_0x14e6266d0 .cmp/eq 2, v0x14e6261e0_0, L_0x150078058;
L_0x14e626800 .functor MUXZ 32, L_0x1500780a0, v0x14e626410_0, L_0x14e6266d0, C4<>;
L_0x14e6269a0 .functor MUXZ 32, L_0x14e626800, v0x14e626340_0, L_0x14e626590, C4<>;
L_0x14e626b00 .cmp/eq 32, v0x14e6255f0_0, L_0x1500780e8;
    .scope S_0x14e60abf0;
T_0 ;
    %wait E_0x14e60bb10;
    %load/vec4 v0x14e612390_0;
    %dup/vec4;
    %pushi/vec4 2, 0, 4;
    %cmp/u;
    %jmp/1 T_0.0, 6;
    %dup/vec4;
    %pushi/vec4 6, 0, 4;
    %cmp/u;
    %jmp/1 T_0.1, 6;
    %dup/vec4;
    %pushi/vec4 0, 0, 4;
    %cmp/u;
    %jmp/1 T_0.2, 6;
    %dup/vec4;
    %pushi/vec4 1, 0, 4;
    %cmp/u;
    %jmp/1 T_0.3, 6;
    %pushi/vec4 0, 0, 32;
    %store/vec4 v0x14e6255f0_0, 0, 32;
    %jmp T_0.5;
T_0.0 ;
    %load/vec4 v0x14e625760_0;
    %load/vec4 v0x14e625ec0_0;
    %add;
    %store/vec4 v0x14e6255f0_0, 0, 32;
    %jmp T_0.5;
T_0.1 ;
    %load/vec4 v0x14e625760_0;
    %load/vec4 v0x14e625ec0_0;
    %sub;
    %store/vec4 v0x14e6255f0_0, 0, 32;
    %jmp T_0.5;
T_0.2 ;
    %load/vec4 v0x14e625760_0;
    %load/vec4 v0x14e625ec0_0;
    %and;
    %store/vec4 v0x14e6255f0_0, 0, 32;
    %jmp T_0.5;
T_0.3 ;
    %load/vec4 v0x14e625760_0;
    %load/vec4 v0x14e625ec0_0;
    %or;
    %store/vec4 v0x14e6255f0_0, 0, 32;
    %jmp T_0.5;
T_0.5 ;
    %pop/vec4 1;
    %jmp T_0;
    .thread T_0, $push;
    .scope S_0x14e60aa80;
T_1 ;
    %vpi_call 2 50 "$dumpfile", "ALU.vcd" {0 0 0};
    %vpi_call 2 51 "$dumpvars" {0 0 0};
    %pushi/vec4 10, 0, 32;
    %store/vec4 v0x14e626290_0, 0, 32;
    %pushi/vec4 5, 0, 32;
    %store/vec4 v0x14e626340_0, 0, 32;
    %pushi/vec4 3, 0, 32;
    %store/vec4 v0x14e626410_0, 0, 32;
    %pushi/vec4 2, 0, 4;
    %store/vec4 v0x14e626080_0, 0, 4;
    %pushi/vec4 0, 0, 2;
    %store/vec4 v0x14e6261e0_0, 0, 2;
    %delay 10, 0;
    %vpi_call 2 61 "$display", "ADD: %d", v0x14e626150_0 {0 0 0};
    %pushi/vec4 6, 0, 4;
    %store/vec4 v0x14e626080_0, 0, 4;
    %pushi/vec4 0, 0, 2;
    %store/vec4 v0x14e6261e0_0, 0, 2;
    %delay 10, 0;
    %vpi_call 2 67 "$display", "SUB: %d", v0x14e626150_0 {0 0 0};
    %pushi/vec4 0, 0, 4;
    %store/vec4 v0x14e626080_0, 0, 4;
    %pushi/vec4 0, 0, 2;
    %store/vec4 v0x14e6261e0_0, 0, 2;
    %delay 10, 0;
    %vpi_call 2 73 "$display", "AND: %d", v0x14e626150_0 {0 0 0};
    %pushi/vec4 1, 0, 4;
    %store/vec4 v0x14e626080_0, 0, 4;
    %pushi/vec4 0, 0, 2;
    %store/vec4 v0x14e6261e0_0, 0, 2;
    %delay 10, 0;
    %vpi_call 2 79 "$display", "OR: %d", v0x14e626150_0 {0 0 0};
    %pushi/vec4 2, 0, 4;
    %store/vec4 v0x14e626080_0, 0, 4;
    %pushi/vec4 1, 0, 2;
    %store/vec4 v0x14e6261e0_0, 0, 2;
    %delay 10, 0;
    %vpi_call 2 85 "$display", "ADD with imm: %d", v0x14e626150_0 {0 0 0};
    %pushi/vec4 10, 0, 32;
    %store/vec4 v0x14e626290_0, 0, 32;
    %pushi/vec4 10, 0, 32;
    %store/vec4 v0x14e626340_0, 0, 32;
    %pushi/vec4 6, 0, 4;
    %store/vec4 v0x14e626080_0, 0, 4;
    %pushi/vec4 0, 0, 2;
    %store/vec4 v0x14e6261e0_0, 0, 2;
    %delay 10, 0;
    %vpi_call 2 93 "$display", "Zero flag: %b", v0x14e6264c0_0 {0 0 0};
    %vpi_call 2 95 "$finish" {0 0 0};
    %end;
    .thread T_1;
# The file index is used to find the file name in the following table.
:file_names 3;
    "N/A";
    "<interactive>";
    "ALU.v";
