#! /opt/homebrew/Cellar/icarus-verilog/12.0/bin/vvp
:ivl_version "12.0 (stable)";
:ivl_delay_selection "TYPICAL";
:vpi_time_precision + 0;
:vpi_module "/opt/homebrew/Cellar/icarus-verilog/12.0/lib/ivl/system.vpi";
:vpi_module "/opt/homebrew/Cellar/icarus-verilog/12.0/lib/ivl/vhdl_sys.vpi";
:vpi_module "/opt/homebrew/Cellar/icarus-verilog/12.0/lib/ivl/vhdl_textio.vpi";
:vpi_module "/opt/homebrew/Cellar/icarus-verilog/12.0/lib/ivl/v2005_math.vpi";
:vpi_module "/opt/homebrew/Cellar/icarus-verilog/12.0/lib/ivl/va_math.vpi";
S_0x12e607460 .scope module, "Decoder" "Decoder" 2 1;
 .timescale 0 0;
    .port_info 0 /INPUT 1 "clk";
    .port_info 1 /INPUT 1 "rst";
    .port_info 2 /INPUT 1 "regWrite";
    .port_info 3 /INPUT 32 "inst";
    .port_info 4 /INPUT 32 "writeData";
    .port_info 5 /OUTPUT 32 "rs1Data";
    .port_info 6 /OUTPUT 32 "rs2Data";
    .port_info 7 /OUTPUT 32 "imm32";
L_0x130078010 .functor BUFT 1, C4<00000>, C4<0>, C4<0>, C4<0>;
v0x12e612460_0 .net/2u *"_ivl_10", 4 0, L_0x130078010;  1 drivers
v0x12e627dc0_0 .net *"_ivl_12", 0 0, L_0x12e629530;  1 drivers
L_0x130078058 .functor BUFT 1, C4<00000000000000000000000000000000>, C4<0>, C4<0>, C4<0>;
v0x12e627e60_0 .net/2u *"_ivl_14", 31 0, L_0x130078058;  1 drivers
v0x12e627f00_0 .net *"_ivl_16", 31 0, L_0x12e6296a0;  1 drivers
v0x12e627fb0_0 .net *"_ivl_18", 6 0, L_0x12e629760;  1 drivers
L_0x1300780a0 .functor BUFT 1, C4<00>, C4<0>, C4<0>, C4<0>;
v0x12e6280a0_0 .net *"_ivl_21", 1 0, L_0x1300780a0;  1 drivers
L_0x1300780e8 .functor BUFT 1, C4<00000>, C4<0>, C4<0>, C4<0>;
v0x12e628150_0 .net/2u *"_ivl_24", 4 0, L_0x1300780e8;  1 drivers
v0x12e628200_0 .net *"_ivl_26", 0 0, L_0x12e629a30;  1 drivers
L_0x130078130 .functor BUFT 1, C4<00000000000000000000000000000000>, C4<0>, C4<0>, C4<0>;
v0x12e6282a0_0 .net/2u *"_ivl_28", 31 0, L_0x130078130;  1 drivers
v0x12e6283b0_0 .net *"_ivl_30", 31 0, L_0x12e629b90;  1 drivers
v0x12e628460_0 .net *"_ivl_32", 6 0, L_0x12e629c90;  1 drivers
L_0x130078178 .functor BUFT 1, C4<00>, C4<0>, C4<0>, C4<0>;
v0x12e628510_0 .net *"_ivl_35", 1 0, L_0x130078178;  1 drivers
o0x130040250 .functor BUFZ 1, C4<z>; HiZ drive
v0x12e6285c0_0 .net "clk", 0 0, o0x130040250;  0 drivers
v0x12e628660_0 .net "funct3", 2 0, L_0x12e629470;  1 drivers
v0x12e628710_0 .var/i "i", 31 0;
v0x12e6287c0_0 .var "imm32", 31 0;
o0x130040310 .functor BUFZ 32, C4<zzzzzzzzzzzzzzzzzzzzzzzzzzzzzzzz>; HiZ drive
v0x12e628870_0 .net "inst", 31 0, o0x130040310;  0 drivers
v0x12e628a00_0 .net "opcode", 6 0, L_0x12e629330;  1 drivers
v0x12e628a90_0 .net "rd", 4 0, L_0x12e629290;  1 drivers
o0x1300403a0 .functor BUFZ 1, C4<z>; HiZ drive
v0x12e628b40_0 .net "regWrite", 0 0, o0x1300403a0;  0 drivers
v0x12e628be0 .array "regs", 0 31, 31 0;
v0x12e628c80_0 .net "rs1", 4 0, L_0x12e629150;  1 drivers
v0x12e628d30_0 .net "rs1Data", 31 0, L_0x12e6298a0;  1 drivers
v0x12e628de0_0 .net "rs2", 4 0, L_0x12e6291f0;  1 drivers
v0x12e628e90_0 .net "rs2Data", 31 0, L_0x12e629d70;  1 drivers
o0x130040490 .functor BUFZ 1, C4<z>; HiZ drive
v0x12e628f40_0 .net "rst", 0 0, o0x130040490;  0 drivers
o0x1300404c0 .functor BUFZ 32, C4<zzzzzzzzzzzzzzzzzzzzzzzzzzzzzzzz>; HiZ drive
v0x12e628fe0_0 .net "writeData", 31 0, o0x1300404c0;  0 drivers
E_0x12e612120 .event posedge, v0x12e6285c0_0;
E_0x12e611e90 .event anyedge, v0x12e628a00_0, v0x12e628870_0;
L_0x12e629150 .part o0x130040310, 15, 5;
L_0x12e6291f0 .part o0x130040310, 20, 5;
L_0x12e629290 .part o0x130040310, 7, 5;
L_0x12e629330 .part o0x130040310, 0, 7;
L_0x12e629470 .part o0x130040310, 12, 3;
L_0x12e629530 .cmp/eq 5, L_0x12e629150, L_0x130078010;
L_0x12e6296a0 .array/port v0x12e628be0, L_0x12e629760;
L_0x12e629760 .concat [ 5 2 0 0], L_0x12e629150, L_0x1300780a0;
L_0x12e6298a0 .functor MUXZ 32, L_0x12e6296a0, L_0x130078058, L_0x12e629530, C4<>;
L_0x12e629a30 .cmp/eq 5, L_0x12e6291f0, L_0x1300780e8;
L_0x12e629b90 .array/port v0x12e628be0, L_0x12e629c90;
L_0x12e629c90 .concat [ 5 2 0 0], L_0x12e6291f0, L_0x130078178;
L_0x12e629d70 .functor MUXZ 32, L_0x12e629b90, L_0x130078130, L_0x12e629a30, C4<>;
    .scope S_0x12e607460;
T_0 ;
    %wait E_0x12e611e90;
    %load/vec4 v0x12e628a00_0;
    %dup/vec4;
    %pushi/vec4 51, 0, 7;
    %cmp/u;
    %jmp/1 T_0.0, 6;
    %dup/vec4;
    %pushi/vec4 19, 0, 7;
    %cmp/u;
    %jmp/1 T_0.1, 6;
    %dup/vec4;
    %pushi/vec4 3, 0, 7;
    %cmp/u;
    %jmp/1 T_0.2, 6;
    %dup/vec4;
    %pushi/vec4 47, 0, 7;
    %cmp/u;
    %jmp/1 T_0.3, 6;
    %dup/vec4;
    %pushi/vec4 99, 0, 7;
    %cmp/u;
    %jmp/1 T_0.4, 6;
    %pushi/vec4 0, 0, 32;
    %store/vec4 v0x12e6287c0_0, 0, 32;
    %jmp T_0.6;
T_0.0 ;
    %pushi/vec4 0, 0, 32;
    %store/vec4 v0x12e6287c0_0, 0, 32;
    %jmp T_0.6;
T_0.1 ;
    %load/vec4 v0x12e628870_0;
    %parti/s 1, 31, 6;
    %replicate 20;
    %load/vec4 v0x12e628870_0;
    %parti/s 12, 20, 6;
    %concat/vec4; draw_concat_vec4
    %store/vec4 v0x12e6287c0_0, 0, 32;
    %jmp T_0.6;
T_0.2 ;
    %load/vec4 v0x12e628870_0;
    %parti/s 1, 31, 6;
    %replicate 20;
    %load/vec4 v0x12e628870_0;
    %parti/s 12, 20, 6;
    %concat/vec4; draw_concat_vec4
    %store/vec4 v0x12e6287c0_0, 0, 32;
    %jmp T_0.6;
T_0.3 ;
    %load/vec4 v0x12e628870_0;
    %parti/s 1, 31, 6;
    %replicate 20;
    %load/vec4 v0x12e628870_0;
    %parti/s 7, 25, 6;
    %concat/vec4; draw_concat_vec4
    %load/vec4 v0x12e628870_0;
    %parti/s 5, 7, 4;
    %concat/vec4; draw_concat_vec4
    %store/vec4 v0x12e6287c0_0, 0, 32;
    %jmp T_0.6;
T_0.4 ;
    %load/vec4 v0x12e628870_0;
    %parti/s 1, 31, 6;
    %replicate 19;
    %load/vec4 v0x12e628870_0;
    %parti/s 1, 31, 6;
    %concat/vec4; draw_concat_vec4
    %load/vec4 v0x12e628870_0;
    %parti/s 1, 7, 4;
    %concat/vec4; draw_concat_vec4
    %load/vec4 v0x12e628870_0;
    %parti/s 6, 25, 6;
    %concat/vec4; draw_concat_vec4
    %load/vec4 v0x12e628870_0;
    %parti/s 4, 8, 5;
    %concat/vec4; draw_concat_vec4
    %concati/vec4 0, 0, 1;
    %store/vec4 v0x12e6287c0_0, 0, 32;
    %jmp T_0.6;
T_0.6 ;
    %pop/vec4 1;
    %jmp T_0;
    .thread T_0, $push;
    .scope S_0x12e607460;
T_1 ;
    %wait E_0x12e612120;
    %load/vec4 v0x12e628f40_0;
    %nor/r;
    %flag_set/vec4 8;
    %jmp/0xz  T_1.0, 8;
    %pushi/vec4 0, 0, 32;
    %store/vec4 v0x12e628710_0, 0, 32;
T_1.2 ;
    %load/vec4 v0x12e628710_0;
    %cmpi/s 32, 0, 32;
    %jmp/0xz T_1.3, 5;
    %pushi/vec4 0, 0, 32;
    %ix/getv/s 3, v0x12e628710_0;
    %ix/load 4, 0, 0; Constant delay
    %assign/vec4/a/d v0x12e628be0, 0, 4;
    %load/vec4 v0x12e628710_0;
    %addi 1, 0, 32;
    %store/vec4 v0x12e628710_0, 0, 32;
    %jmp T_1.2;
T_1.3 ;
    %jmp T_1.1;
T_1.0 ;
    %load/vec4 v0x12e628b40_0;
    %flag_set/vec4 9;
    %flag_get/vec4 9;
    %jmp/0 T_1.6, 9;
    %load/vec4 v0x12e628a90_0;
    %pushi/vec4 0, 0, 5;
    %cmp/ne;
    %flag_get/vec4 4;
    %and;
T_1.6;
    %flag_set/vec4 8;
    %jmp/0xz  T_1.4, 8;
    %load/vec4 v0x12e628fe0_0;
    %load/vec4 v0x12e628a90_0;
    %pad/u 7;
    %ix/vec4 3;
    %ix/load 4, 0, 0; Constant delay
    %assign/vec4/a/d v0x12e628be0, 0, 4;
T_1.4 ;
T_1.1 ;
    %jmp T_1;
    .thread T_1;
# The file index is used to find the file name in the following table.
:file_names 3;
    "N/A";
    "<interactive>";
    "Decoder.v";
