#! /opt/homebrew/Cellar/icarus-verilog/12.0/bin/vvp
:ivl_version "12.0 (stable)";
:ivl_delay_selection "TYPICAL";
:vpi_time_precision + 0;
:vpi_module "/opt/homebrew/Cellar/icarus-verilog/12.0/lib/ivl/system.vpi";
:vpi_module "/opt/homebrew/Cellar/icarus-verilog/12.0/lib/ivl/vhdl_sys.vpi";
:vpi_module "/opt/homebrew/Cellar/icarus-verilog/12.0/lib/ivl/vhdl_textio.vpi";
:vpi_module "/opt/homebrew/Cellar/icarus-verilog/12.0/lib/ivl/v2005_math.vpi";
:vpi_module "/opt/homebrew/Cellar/icarus-verilog/12.0/lib/ivl/va_math.vpi";
S_0x13c7051c0 .scope module, "ALU" "ALU" 2 2;
 .timescale 0 0;
    .port_info 0 /INPUT 32 "pc";
    .port_info 1 /INPUT 4 "ALU_Control";
    .port_info 2 /INPUT 2 "ALU_Src";
    .port_info 3 /INPUT 32 "ReadData1";
    .port_info 4 /INPUT 32 "ReadData2";
    .port_info 5 /INPUT 32 "imm32";
    .port_info 6 /OUTPUT 32 "ALU_Result";
    .port_info 7 /OUTPUT 1 "zero";
v0x13c715a50_0 .net "ALU_Control", 3 0, v0x13c705710_0;  1 drivers
o0x140040040 .functor BUFZ 4, C4<zzzz>; HiZ drive
v0x13c715b00_0 .net "ALU_Op", 3 0, o0x140040040;  0 drivers
v0x13c715bb0_0 .var "ALU_Result", 31 0;
o0x1400401c0 .functor BUFZ 2, C4<zz>; HiZ drive
v0x13c715c60_0 .net "ALU_Src", 1 0, o0x1400401c0;  0 drivers
o0x1400401f0 .functor BUFZ 32, C4<zzzzzzzzzzzzzzzzzzzzzzzzzzzzzzzz>; HiZ drive
v0x13c715d10_0 .net "ReadData1", 31 0, o0x1400401f0;  0 drivers
o0x140040220 .functor BUFZ 32, C4<zzzzzzzzzzzzzzzzzzzzzzzzzzzzzzzz>; HiZ drive
v0x13c715e00_0 .net "ReadData2", 31 0, o0x140040220;  0 drivers
L_0x140078010 .functor BUFT 1, C4<00>, C4<0>, C4<0>, C4<0>;
v0x13c715eb0_0 .net/2u *"_ivl_0", 1 0, L_0x140078010;  1 drivers
v0x13c715f60_0 .net *"_ivl_10", 31 0, L_0x13c716a90;  1 drivers
v0x13c716010_0 .net *"_ivl_2", 0 0, L_0x13c7168a0;  1 drivers
L_0x140078058 .functor BUFT 1, C4<01>, C4<0>, C4<0>, C4<0>;
v0x13c716120_0 .net/2u *"_ivl_4", 1 0, L_0x140078058;  1 drivers
v0x13c7161c0_0 .net *"_ivl_6", 0 0, L_0x13c716940;  1 drivers
L_0x1400780a0 .functor BUFT 1, C4<00000000000000000000000000000000>, C4<0>, C4<0>, C4<0>;
v0x13c716260_0 .net/2u *"_ivl_8", 31 0, L_0x1400780a0;  1 drivers
o0x140040070 .functor BUFZ 3, C4<zzz>; HiZ drive
v0x13c716310_0 .net "fun3", 2 0, o0x140040070;  0 drivers
o0x1400400a0 .functor BUFZ 7, C4<zzzzzzz>; HiZ drive
v0x13c7163d0_0 .net "fun7", 6 0, o0x1400400a0;  0 drivers
o0x140040370 .functor BUFZ 32, C4<zzzzzzzzzzzzzzzzzzzzzzzzzzzzzzzz>; HiZ drive
v0x13c716460_0 .net "imm32", 31 0, o0x140040370;  0 drivers
v0x13c7164f0_0 .net "operand2", 31 0, L_0x13c716bf0;  1 drivers
o0x1400403d0 .functor BUFZ 32, C4<zzzzzzzzzzzzzzzzzzzzzzzzzzzzzzzz>; HiZ drive
v0x13c716590_0 .net "pc", 31 0, o0x1400403d0;  0 drivers
v0x13c716740_0 .var "zero", 0 0;
E_0x13c704ff0/0 .event anyedge, v0x13c705710_0, v0x13c715d10_0, v0x13c7164f0_0, v0x13c716590_0;
E_0x13c704ff0/1 .event anyedge, v0x13c715880_0, v0x13c715bb0_0;
E_0x13c704ff0 .event/or E_0x13c704ff0/0, E_0x13c704ff0/1;
L_0x13c7168a0 .cmp/eq 2, o0x1400401c0, L_0x140078010;
L_0x13c716940 .cmp/eq 2, o0x1400401c0, L_0x140078058;
L_0x13c716a90 .functor MUXZ 32, L_0x1400780a0, o0x140040370, L_0x13c716940, C4<>;
L_0x13c716bf0 .functor MUXZ 32, L_0x13c716a90, o0x140040220, L_0x13c7168a0, C4<>;
S_0x13c705470 .scope module, "control" "ALU_Control" 2 15, 2 66 0, S_0x13c7051c0;
 .timescale 0 0;
    .port_info 0 /INPUT 4 "ALU_Op";
    .port_info 1 /INPUT 7 "fun7";
    .port_info 2 /INPUT 3 "fun3";
    .port_info 3 /OUTPUT 4 "ALU_Control";
v0x13c705710_0 .var "ALU_Control", 3 0;
v0x13c7157d0_0 .net "ALU_Op", 3 0, o0x140040040;  alias, 0 drivers
v0x13c715880_0 .net "fun3", 2 0, o0x140040070;  alias, 0 drivers
v0x13c715940_0 .net "fun7", 6 0, o0x1400400a0;  alias, 0 drivers
E_0x13c7056a0 .event anyedge, v0x13c7157d0_0, v0x13c715940_0, v0x13c715880_0;
    .scope S_0x13c705470;
T_0 ;
    %wait E_0x13c7056a0;
    %load/vec4 v0x13c7157d0_0;
    %dup/vec4;
    %pushi/vec4 2, 0, 4;
    %cmp/u;
    %jmp/1 T_0.0, 6;
    %dup/vec4;
    %pushi/vec4 3, 0, 4;
    %cmp/u;
    %jmp/1 T_0.1, 6;
    %dup/vec4;
    %pushi/vec4 4, 0, 4;
    %cmp/u;
    %jmp/1 T_0.2, 6;
    %dup/vec4;
    %pushi/vec4 6, 0, 4;
    %cmp/u;
    %jmp/1 T_0.3, 6;
    %dup/vec4;
    %pushi/vec4 7, 0, 4;
    %cmp/u;
    %jmp/1 T_0.4, 6;
    %dup/vec4;
    %pushi/vec4 5, 0, 4;
    %cmp/u;
    %jmp/1 T_0.5, 6;
    %dup/vec4;
    %pushi/vec4 0, 0, 4;
    %cmp/u;
    %jmp/1 T_0.6, 6;
    %dup/vec4;
    %pushi/vec4 1, 0, 4;
    %cmp/u;
    %jmp/1 T_0.7, 6;
    %jmp T_0.8;
T_0.0 ;
    %pushi/vec4 0, 0, 4;
    %store/vec4 v0x13c705710_0, 0, 4;
    %jmp T_0.8;
T_0.1 ;
    %pushi/vec4 0, 0, 4;
    %store/vec4 v0x13c705710_0, 0, 4;
    %jmp T_0.8;
T_0.2 ;
    %pushi/vec4 1, 0, 4;
    %store/vec4 v0x13c705710_0, 0, 4;
    %jmp T_0.8;
T_0.3 ;
    %pushi/vec4 10, 0, 4;
    %store/vec4 v0x13c705710_0, 0, 4;
    %jmp T_0.8;
T_0.4 ;
    %pushi/vec4 11, 0, 4;
    %store/vec4 v0x13c705710_0, 0, 4;
    %jmp T_0.8;
T_0.5 ;
    %pushi/vec4 12, 0, 4;
    %store/vec4 v0x13c705710_0, 0, 4;
    %jmp T_0.8;
T_0.6 ;
    %load/vec4 v0x13c715940_0;
    %load/vec4 v0x13c715880_0;
    %concat/vec4; draw_concat_vec4
    %dup/vec4;
    %pushi/vec4 0, 0, 10;
    %cmp/u;
    %jmp/1 T_0.9, 6;
    %dup/vec4;
    %pushi/vec4 256, 0, 10;
    %cmp/u;
    %jmp/1 T_0.10, 6;
    %dup/vec4;
    %pushi/vec4 7, 0, 10;
    %cmp/u;
    %jmp/1 T_0.11, 6;
    %dup/vec4;
    %pushi/vec4 6, 0, 10;
    %cmp/u;
    %jmp/1 T_0.12, 6;
    %dup/vec4;
    %pushi/vec4 4, 0, 10;
    %cmp/u;
    %jmp/1 T_0.13, 6;
    %dup/vec4;
    %pushi/vec4 1, 0, 10;
    %cmp/u;
    %jmp/1 T_0.14, 6;
    %dup/vec4;
    %pushi/vec4 5, 0, 10;
    %cmp/u;
    %jmp/1 T_0.15, 6;
    %dup/vec4;
    %pushi/vec4 261, 0, 10;
    %cmp/u;
    %jmp/1 T_0.16, 6;
    %dup/vec4;
    %pushi/vec4 3, 0, 10;
    %cmp/u;
    %jmp/1 T_0.17, 6;
    %dup/vec4;
    %pushi/vec4 2, 0, 10;
    %cmp/u;
    %jmp/1 T_0.18, 6;
    %jmp T_0.19;
T_0.9 ;
    %pushi/vec4 0, 0, 4;
    %store/vec4 v0x13c705710_0, 0, 4;
    %jmp T_0.19;
T_0.10 ;
    %pushi/vec4 1, 0, 4;
    %store/vec4 v0x13c705710_0, 0, 4;
    %jmp T_0.19;
T_0.11 ;
    %pushi/vec4 2, 0, 4;
    %store/vec4 v0x13c705710_0, 0, 4;
    %jmp T_0.19;
T_0.12 ;
    %pushi/vec4 3, 0, 4;
    %store/vec4 v0x13c705710_0, 0, 4;
    %jmp T_0.19;
T_0.13 ;
    %pushi/vec4 4, 0, 4;
    %store/vec4 v0x13c705710_0, 0, 4;
    %jmp T_0.19;
T_0.14 ;
    %pushi/vec4 5, 0, 4;
    %store/vec4 v0x13c705710_0, 0, 4;
    %jmp T_0.19;
T_0.15 ;
    %pushi/vec4 6, 0, 4;
    %store/vec4 v0x13c705710_0, 0, 4;
    %jmp T_0.19;
T_0.16 ;
    %pushi/vec4 7, 0, 4;
    %store/vec4 v0x13c705710_0, 0, 4;
    %jmp T_0.19;
T_0.17 ;
    %pushi/vec4 8, 0, 4;
    %store/vec4 v0x13c705710_0, 0, 4;
    %jmp T_0.19;
T_0.18 ;
    %pushi/vec4 9, 0, 4;
    %store/vec4 v0x13c705710_0, 0, 4;
    %jmp T_0.19;
T_0.19 ;
    %pop/vec4 1;
    %jmp T_0.8;
T_0.7 ;
    %load/vec4 v0x13c715880_0;
    %dup/vec4;
    %pushi/vec4 0, 0, 3;
    %cmp/u;
    %jmp/1 T_0.20, 6;
    %dup/vec4;
    %pushi/vec4 7, 0, 3;
    %cmp/u;
    %jmp/1 T_0.21, 6;
    %dup/vec4;
    %pushi/vec4 6, 0, 3;
    %cmp/u;
    %jmp/1 T_0.22, 6;
    %dup/vec4;
    %pushi/vec4 4, 0, 3;
    %cmp/u;
    %jmp/1 T_0.23, 6;
    %dup/vec4;
    %pushi/vec4 1, 0, 3;
    %cmp/u;
    %jmp/1 T_0.24, 6;
    %dup/vec4;
    %pushi/vec4 5, 0, 3;
    %cmp/u;
    %jmp/1 T_0.25, 6;
    %dup/vec4;
    %pushi/vec4 3, 0, 3;
    %cmp/u;
    %jmp/1 T_0.26, 6;
    %dup/vec4;
    %pushi/vec4 2, 0, 3;
    %cmp/u;
    %jmp/1 T_0.27, 6;
    %jmp T_0.28;
T_0.20 ;
    %pushi/vec4 0, 0, 4;
    %store/vec4 v0x13c705710_0, 0, 4;
    %jmp T_0.28;
T_0.21 ;
    %pushi/vec4 2, 0, 4;
    %store/vec4 v0x13c705710_0, 0, 4;
    %jmp T_0.28;
T_0.22 ;
    %pushi/vec4 3, 0, 4;
    %store/vec4 v0x13c705710_0, 0, 4;
    %jmp T_0.28;
T_0.23 ;
    %pushi/vec4 4, 0, 4;
    %store/vec4 v0x13c705710_0, 0, 4;
    %jmp T_0.28;
T_0.24 ;
    %pushi/vec4 5, 0, 4;
    %store/vec4 v0x13c705710_0, 0, 4;
    %jmp T_0.28;
T_0.25 ;
    %load/vec4 v0x13c715940_0;
    %pad/u 32;
    %cmpi/e 0, 0, 32;
    %flag_mov 8, 4;
    %jmp/0 T_0.29, 8;
    %pushi/vec4 6, 0, 4;
    %jmp/1 T_0.30, 8;
T_0.29 ; End of true expr.
    %load/vec4 v0x13c715940_0;
    %cmpi/e 32, 0, 7;
    %flag_mov 9, 4;
    %jmp/0 T_0.31, 9;
    %pushi/vec4 7, 0, 4;
    %jmp/1 T_0.32, 9;
T_0.31 ; End of true expr.
    %pushi/vec4 0, 0, 4;
    %jmp/0 T_0.32, 9;
 ; End of false expr.
    %blend;
T_0.32;
    %jmp/0 T_0.30, 8;
 ; End of false expr.
    %blend;
T_0.30;
    %store/vec4 v0x13c705710_0, 0, 4;
    %jmp T_0.28;
T_0.26 ;
    %pushi/vec4 8, 0, 4;
    %store/vec4 v0x13c705710_0, 0, 4;
    %jmp T_0.28;
T_0.27 ;
    %pushi/vec4 9, 0, 4;
    %store/vec4 v0x13c705710_0, 0, 4;
    %jmp T_0.28;
T_0.28 ;
    %pop/vec4 1;
    %jmp T_0.8;
T_0.8 ;
    %pop/vec4 1;
    %jmp T_0;
    .thread T_0, $push;
    .scope S_0x13c7051c0;
T_1 ;
    %wait E_0x13c704ff0;
    %load/vec4 v0x13c715a50_0;
    %dup/vec4;
    %pushi/vec4 0, 0, 4;
    %cmp/u;
    %jmp/1 T_1.0, 6;
    %dup/vec4;
    %pushi/vec4 1, 0, 4;
    %cmp/u;
    %jmp/1 T_1.1, 6;
    %dup/vec4;
    %pushi/vec4 2, 0, 4;
    %cmp/u;
    %jmp/1 T_1.2, 6;
    %dup/vec4;
    %pushi/vec4 3, 0, 4;
    %cmp/u;
    %jmp/1 T_1.3, 6;
    %dup/vec4;
    %pushi/vec4 4, 0, 4;
    %cmp/u;
    %jmp/1 T_1.4, 6;
    %dup/vec4;
    %pushi/vec4 5, 0, 4;
    %cmp/u;
    %jmp/1 T_1.5, 6;
    %dup/vec4;
    %pushi/vec4 6, 0, 4;
    %cmp/u;
    %jmp/1 T_1.6, 6;
    %dup/vec4;
    %pushi/vec4 7, 0, 4;
    %cmp/u;
    %jmp/1 T_1.7, 6;
    %dup/vec4;
    %pushi/vec4 8, 0, 4;
    %cmp/u;
    %jmp/1 T_1.8, 6;
    %dup/vec4;
    %pushi/vec4 9, 0, 4;
    %cmp/u;
    %jmp/1 T_1.9, 6;
    %dup/vec4;
    %pushi/vec4 10, 0, 4;
    %cmp/u;
    %jmp/1 T_1.10, 6;
    %dup/vec4;
    %pushi/vec4 11, 0, 4;
    %cmp/u;
    %jmp/1 T_1.11, 6;
    %dup/vec4;
    %pushi/vec4 12, 0, 4;
    %cmp/u;
    %jmp/1 T_1.12, 6;
    %pushi/vec4 0, 0, 32;
    %store/vec4 v0x13c715bb0_0, 0, 32;
    %jmp T_1.14;
T_1.0 ;
    %load/vec4 v0x13c715d10_0;
    %load/vec4 v0x13c7164f0_0;
    %add;
    %store/vec4 v0x13c715bb0_0, 0, 32;
    %jmp T_1.14;
T_1.1 ;
    %load/vec4 v0x13c715d10_0;
    %load/vec4 v0x13c7164f0_0;
    %sub;
    %store/vec4 v0x13c715bb0_0, 0, 32;
    %jmp T_1.14;
T_1.2 ;
    %load/vec4 v0x13c715d10_0;
    %load/vec4 v0x13c7164f0_0;
    %and;
    %store/vec4 v0x13c715bb0_0, 0, 32;
    %jmp T_1.14;
T_1.3 ;
    %load/vec4 v0x13c715d10_0;
    %load/vec4 v0x13c7164f0_0;
    %or;
    %store/vec4 v0x13c715bb0_0, 0, 32;
    %jmp T_1.14;
T_1.4 ;
    %load/vec4 v0x13c715d10_0;
    %load/vec4 v0x13c7164f0_0;
    %xor;
    %store/vec4 v0x13c715bb0_0, 0, 32;
    %jmp T_1.14;
T_1.5 ;
    %load/vec4 v0x13c715d10_0;
    %ix/getv 4, v0x13c7164f0_0;
    %shiftl 4;
    %store/vec4 v0x13c715bb0_0, 0, 32;
    %jmp T_1.14;
T_1.6 ;
    %load/vec4 v0x13c715d10_0;
    %ix/getv 4, v0x13c7164f0_0;
    %shiftr 4;
    %store/vec4 v0x13c715bb0_0, 0, 32;
    %jmp T_1.14;
T_1.7 ;
    %load/vec4 v0x13c715d10_0;
    %ix/getv 4, v0x13c7164f0_0;
    %shiftr/s 4;
    %store/vec4 v0x13c715bb0_0, 0, 32;
    %jmp T_1.14;
T_1.8 ;
    %load/vec4 v0x13c715d10_0;
    %load/vec4 v0x13c7164f0_0;
    %cmp/u;
    %flag_mov 8, 5;
    %jmp/0 T_1.15, 8;
    %pushi/vec4 1, 0, 32;
    %jmp/1 T_1.16, 8;
T_1.15 ; End of true expr.
    %pushi/vec4 0, 0, 32;
    %jmp/0 T_1.16, 8;
 ; End of false expr.
    %blend;
T_1.16;
    %store/vec4 v0x13c715bb0_0, 0, 32;
    %jmp T_1.14;
T_1.9 ;
    %load/vec4 v0x13c715d10_0;
    %load/vec4 v0x13c7164f0_0;
    %cmp/s;
    %flag_mov 8, 5;
    %jmp/0 T_1.17, 8;
    %pushi/vec4 1, 0, 32;
    %jmp/1 T_1.18, 8;
T_1.17 ; End of true expr.
    %pushi/vec4 0, 0, 32;
    %jmp/0 T_1.18, 8;
 ; End of false expr.
    %blend;
T_1.18;
    %store/vec4 v0x13c715bb0_0, 0, 32;
    %jmp T_1.14;
T_1.10 ;
    %load/vec4 v0x13c7164f0_0;
    %ix/load 4, 12, 0;
    %flag_set/imm 4, 0;
    %shiftl 4;
    %store/vec4 v0x13c715bb0_0, 0, 32;
    %jmp T_1.14;
T_1.11 ;
    %load/vec4 v0x13c716590_0;
    %load/vec4 v0x13c7164f0_0;
    %ix/load 4, 12, 0;
    %flag_set/imm 4, 0;
    %shiftl 4;
    %add;
    %store/vec4 v0x13c715bb0_0, 0, 32;
    %jmp T_1.14;
T_1.12 ;
    %load/vec4 v0x13c716590_0;
    %addi 4, 0, 32;
    %store/vec4 v0x13c715bb0_0, 0, 32;
    %jmp T_1.14;
T_1.14 ;
    %pop/vec4 1;
    %load/vec4 v0x13c715a50_0;
    %cmpi/e 4, 0, 4;
    %jmp/0xz  T_1.19, 4;
    %load/vec4 v0x13c716310_0;
    %dup/vec4;
    %pushi/vec4 0, 0, 3;
    %cmp/u;
    %jmp/1 T_1.21, 6;
    %dup/vec4;
    %pushi/vec4 1, 0, 3;
    %cmp/u;
    %jmp/1 T_1.22, 6;
    %dup/vec4;
    %pushi/vec4 4, 0, 3;
    %cmp/u;
    %jmp/1 T_1.23, 6;
    %dup/vec4;
    %pushi/vec4 5, 0, 3;
    %cmp/u;
    %jmp/1 T_1.24, 6;
    %dup/vec4;
    %pushi/vec4 6, 0, 3;
    %cmp/u;
    %jmp/1 T_1.25, 6;
    %dup/vec4;
    %pushi/vec4 7, 0, 3;
    %cmp/u;
    %jmp/1 T_1.26, 6;
    %jmp T_1.27;
T_1.21 ;
    %load/vec4 v0x13c715bb0_0;
    %cmpi/e 0, 0, 32;
    %flag_mov 8, 4;
    %jmp/0 T_1.28, 8;
    %pushi/vec4 1, 0, 1;
    %jmp/1 T_1.29, 8;
T_1.28 ; End of true expr.
    %pushi/vec4 0, 0, 1;
    %jmp/0 T_1.29, 8;
 ; End of false expr.
    %blend;
T_1.29;
    %store/vec4 v0x13c716740_0, 0, 1;
    %jmp T_1.27;
T_1.22 ;
    %load/vec4 v0x13c715bb0_0;
    %cmpi/ne 0, 0, 32;
    %flag_mov 8, 4;
    %jmp/0 T_1.30, 8;
    %pushi/vec4 1, 0, 1;
    %jmp/1 T_1.31, 8;
T_1.30 ; End of true expr.
    %pushi/vec4 0, 0, 1;
    %jmp/0 T_1.31, 8;
 ; End of false expr.
    %blend;
T_1.31;
    %store/vec4 v0x13c716740_0, 0, 1;
    %jmp T_1.27;
T_1.23 ;
    %load/vec4 v0x13c715d10_0;
    %load/vec4 v0x13c7164f0_0;
    %cmp/s;
    %flag_mov 8, 5;
    %jmp/0 T_1.32, 8;
    %pushi/vec4 1, 0, 1;
    %jmp/1 T_1.33, 8;
T_1.32 ; End of true expr.
    %pushi/vec4 0, 0, 1;
    %jmp/0 T_1.33, 8;
 ; End of false expr.
    %blend;
T_1.33;
    %store/vec4 v0x13c716740_0, 0, 1;
    %jmp T_1.27;
T_1.24 ;
    %load/vec4 v0x13c7164f0_0;
    %load/vec4 v0x13c715d10_0;
    %cmp/s;
    %flag_or 5, 4;
    %flag_mov 8, 5;
    %jmp/0 T_1.34, 8;
    %pushi/vec4 1, 0, 1;
    %jmp/1 T_1.35, 8;
T_1.34 ; End of true expr.
    %pushi/vec4 0, 0, 1;
    %jmp/0 T_1.35, 8;
 ; End of false expr.
    %blend;
T_1.35;
    %store/vec4 v0x13c716740_0, 0, 1;
    %jmp T_1.27;
T_1.25 ;
    %load/vec4 v0x13c715d10_0;
    %load/vec4 v0x13c7164f0_0;
    %cmp/u;
    %flag_mov 8, 5;
    %jmp/0 T_1.36, 8;
    %pushi/vec4 1, 0, 1;
    %jmp/1 T_1.37, 8;
T_1.36 ; End of true expr.
    %pushi/vec4 0, 0, 1;
    %jmp/0 T_1.37, 8;
 ; End of false expr.
    %blend;
T_1.37;
    %store/vec4 v0x13c716740_0, 0, 1;
    %jmp T_1.27;
T_1.26 ;
    %load/vec4 v0x13c7164f0_0;
    %load/vec4 v0x13c715d10_0;
    %cmp/u;
    %flag_or 5, 4;
    %flag_mov 8, 5;
    %jmp/0 T_1.38, 8;
    %pushi/vec4 1, 0, 1;
    %jmp/1 T_1.39, 8;
T_1.38 ; End of true expr.
    %pushi/vec4 0, 0, 1;
    %jmp/0 T_1.39, 8;
 ; End of false expr.
    %blend;
T_1.39;
    %store/vec4 v0x13c716740_0, 0, 1;
    %jmp T_1.27;
T_1.27 ;
    %pop/vec4 1;
    %jmp T_1.20;
T_1.19 ;
    %pushi/vec4 0, 0, 1;
    %store/vec4 v0x13c716740_0, 0, 1;
T_1.20 ;
    %jmp T_1;
    .thread T_1, $push;
# The file index is used to find the file name in the following table.
:file_names 3;
    "N/A";
    "<interactive>";
    "ALU.v";
