#! /opt/homebrew/Cellar/icarus-verilog/12.0/bin/vvp
:ivl_version "12.0 (stable)";
:ivl_delay_selection "TYPICAL";
:vpi_time_precision + 0;
:vpi_module "/opt/homebrew/Cellar/icarus-verilog/12.0/lib/ivl/system.vpi";
:vpi_module "/opt/homebrew/Cellar/icarus-verilog/12.0/lib/ivl/vhdl_sys.vpi";
:vpi_module "/opt/homebrew/Cellar/icarus-verilog/12.0/lib/ivl/vhdl_textio.vpi";
:vpi_module "/opt/homebrew/Cellar/icarus-verilog/12.0/lib/ivl/v2005_math.vpi";
:vpi_module "/opt/homebrew/Cellar/icarus-verilog/12.0/lib/ivl/va_math.vpi";
S_0x14e607610 .scope module, "ALU_Control" "ALU_Control" 2 3;
 .timescale 0 0;
    .port_info 0 /INPUT 2 "ALU_Op";
    .port_info 1 /INPUT 7 "fun7";
    .port_info 2 /INPUT 3 "fun3";
    .port_info 3 /OUTPUT 4 "ALU_Control";
v0x14e60f1e0_0 .var "ALU_Control", 3 0;
o0x150040040 .functor BUFZ 2, C4<zz>; HiZ drive
v0x14e61f1b0_0 .net "ALU_Op", 1 0, o0x150040040;  0 drivers
o0x150040070 .functor BUFZ 3, C4<zzz>; HiZ drive
v0x14e61f260_0 .net "fun3", 2 0, o0x150040070;  0 drivers
o0x1500400a0 .functor BUFZ 7, C4<zzzzzzz>; HiZ drive
v0x14e61f320_0 .net "fun7", 6 0, o0x1500400a0;  0 drivers
E_0x14e607e40 .event anyedge, v0x14e61f1b0_0, v0x14e61f320_0, v0x14e61f260_0;
    .scope S_0x14e607610;
T_0 ;
    %wait E_0x14e607e40;
    %load/vec4 v0x14e61f1b0_0;
    %pad/u 3;
    %dup/vec4;
    %pushi/vec4 2, 0, 3;
    %cmp/u;
    %jmp/1 T_0.0, 6;
    %dup/vec4;
    %pushi/vec4 3, 0, 3;
    %cmp/u;
    %jmp/1 T_0.1, 6;
    %dup/vec4;
    %pushi/vec4 5, 0, 3;
    %cmp/u;
    %jmp/1 T_0.2, 6;
    %dup/vec4;
    %pushi/vec4 4, 0, 3;
    %cmp/u;
    %jmp/1 T_0.3, 6;
    %dup/vec4;
    %pushi/vec4 6, 0, 3;
    %cmp/u;
    %jmp/1 T_0.4, 6;
    %dup/vec4;
    %pushi/vec4 7, 0, 3;
    %cmp/u;
    %jmp/1 T_0.5, 6;
    %dup/vec4;
    %pushi/vec4 0, 0, 3;
    %cmp/u;
    %jmp/1 T_0.6, 6;
    %dup/vec4;
    %pushi/vec4 1, 0, 3;
    %cmp/u;
    %jmp/1 T_0.7, 6;
    %jmp T_0.8;
T_0.0 ;
    %pushi/vec4 0, 0, 4;
    %store/vec4 v0x14e60f1e0_0, 0, 4;
    %jmp T_0.8;
T_0.1 ;
    %pushi/vec4 0, 0, 4;
    %store/vec4 v0x14e60f1e0_0, 0, 4;
    %jmp T_0.8;
T_0.2 ;
    %pushi/vec4 0, 0, 4;
    %store/vec4 v0x14e60f1e0_0, 0, 4;
    %jmp T_0.8;
T_0.3 ;
    %pushi/vec4 1, 0, 4;
    %store/vec4 v0x14e60f1e0_0, 0, 4;
    %jmp T_0.8;
T_0.4 ;
    %pushi/vec4 10, 0, 4;
    %store/vec4 v0x14e60f1e0_0, 0, 4;
    %jmp T_0.8;
T_0.5 ;
    %pushi/vec4 11, 0, 4;
    %store/vec4 v0x14e60f1e0_0, 0, 4;
    %jmp T_0.8;
T_0.6 ;
    %load/vec4 v0x14e61f320_0;
    %load/vec4 v0x14e61f260_0;
    %concat/vec4; draw_concat_vec4
    %dup/vec4;
    %pushi/vec4 0, 0, 10;
    %cmp/u;
    %jmp/1 T_0.9, 6;
    %dup/vec4;
    %pushi/vec4 256, 0, 10;
    %cmp/u;
    %jmp/1 T_0.10, 6;
    %dup/vec4;
    %pushi/vec4 7, 0, 10;
    %cmp/u;
    %jmp/1 T_0.11, 6;
    %dup/vec4;
    %pushi/vec4 6, 0, 10;
    %cmp/u;
    %jmp/1 T_0.12, 6;
    %dup/vec4;
    %pushi/vec4 4, 0, 10;
    %cmp/u;
    %jmp/1 T_0.13, 6;
    %dup/vec4;
    %pushi/vec4 1, 0, 10;
    %cmp/u;
    %jmp/1 T_0.14, 6;
    %dup/vec4;
    %pushi/vec4 5, 0, 10;
    %cmp/u;
    %jmp/1 T_0.15, 6;
    %dup/vec4;
    %pushi/vec4 261, 0, 10;
    %cmp/u;
    %jmp/1 T_0.16, 6;
    %dup/vec4;
    %pushi/vec4 3, 0, 10;
    %cmp/u;
    %jmp/1 T_0.17, 6;
    %dup/vec4;
    %pushi/vec4 2, 0, 10;
    %cmp/u;
    %jmp/1 T_0.18, 6;
    %jmp T_0.19;
T_0.9 ;
    %pushi/vec4 0, 0, 4;
    %store/vec4 v0x14e60f1e0_0, 0, 4;
    %jmp T_0.19;
T_0.10 ;
    %pushi/vec4 1, 0, 4;
    %store/vec4 v0x14e60f1e0_0, 0, 4;
    %jmp T_0.19;
T_0.11 ;
    %pushi/vec4 2, 0, 4;
    %store/vec4 v0x14e60f1e0_0, 0, 4;
    %jmp T_0.19;
T_0.12 ;
    %pushi/vec4 3, 0, 4;
    %store/vec4 v0x14e60f1e0_0, 0, 4;
    %jmp T_0.19;
T_0.13 ;
    %pushi/vec4 4, 0, 4;
    %store/vec4 v0x14e60f1e0_0, 0, 4;
    %jmp T_0.19;
T_0.14 ;
    %pushi/vec4 5, 0, 4;
    %store/vec4 v0x14e60f1e0_0, 0, 4;
    %jmp T_0.19;
T_0.15 ;
    %pushi/vec4 6, 0, 4;
    %store/vec4 v0x14e60f1e0_0, 0, 4;
    %jmp T_0.19;
T_0.16 ;
    %pushi/vec4 7, 0, 4;
    %store/vec4 v0x14e60f1e0_0, 0, 4;
    %jmp T_0.19;
T_0.17 ;
    %pushi/vec4 8, 0, 4;
    %store/vec4 v0x14e60f1e0_0, 0, 4;
    %jmp T_0.19;
T_0.18 ;
    %pushi/vec4 9, 0, 4;
    %store/vec4 v0x14e60f1e0_0, 0, 4;
    %jmp T_0.19;
T_0.19 ;
    %pop/vec4 1;
    %jmp T_0.8;
T_0.7 ;
    %load/vec4 v0x14e61f260_0;
    %dup/vec4;
    %pushi/vec4 0, 0, 3;
    %cmp/u;
    %jmp/1 T_0.20, 6;
    %dup/vec4;
    %pushi/vec4 7, 0, 3;
    %cmp/u;
    %jmp/1 T_0.21, 6;
    %dup/vec4;
    %pushi/vec4 6, 0, 3;
    %cmp/u;
    %jmp/1 T_0.22, 6;
    %dup/vec4;
    %pushi/vec4 4, 0, 3;
    %cmp/u;
    %jmp/1 T_0.23, 6;
    %dup/vec4;
    %pushi/vec4 1, 0, 3;
    %cmp/u;
    %jmp/1 T_0.24, 6;
    %dup/vec4;
    %pushi/vec4 5, 0, 3;
    %cmp/u;
    %jmp/1 T_0.25, 6;
    %dup/vec4;
    %pushi/vec4 3, 0, 3;
    %cmp/u;
    %jmp/1 T_0.26, 6;
    %dup/vec4;
    %pushi/vec4 2, 0, 3;
    %cmp/u;
    %jmp/1 T_0.27, 6;
    %jmp T_0.28;
T_0.20 ;
    %pushi/vec4 0, 0, 4;
    %store/vec4 v0x14e60f1e0_0, 0, 4;
    %jmp T_0.28;
T_0.21 ;
    %pushi/vec4 2, 0, 4;
    %store/vec4 v0x14e60f1e0_0, 0, 4;
    %jmp T_0.28;
T_0.22 ;
    %pushi/vec4 3, 0, 4;
    %store/vec4 v0x14e60f1e0_0, 0, 4;
    %jmp T_0.28;
T_0.23 ;
    %pushi/vec4 4, 0, 4;
    %store/vec4 v0x14e60f1e0_0, 0, 4;
    %jmp T_0.28;
T_0.24 ;
    %pushi/vec4 5, 0, 4;
    %store/vec4 v0x14e60f1e0_0, 0, 4;
    %jmp T_0.28;
T_0.25 ;
    %load/vec4 v0x14e61f320_0;
    %pad/u 32;
    %cmpi/e 0, 0, 32;
    %flag_mov 8, 4;
    %jmp/0 T_0.29, 8;
    %pushi/vec4 6, 0, 4;
    %jmp/1 T_0.30, 8;
T_0.29 ; End of true expr.
    %load/vec4 v0x14e61f320_0;
    %cmpi/e 32, 0, 7;
    %flag_mov 9, 4;
    %jmp/0 T_0.31, 9;
    %pushi/vec4 7, 0, 4;
    %jmp/1 T_0.32, 9;
T_0.31 ; End of true expr.
    %pushi/vec4 0, 0, 4;
    %jmp/0 T_0.32, 9;
 ; End of false expr.
    %blend;
T_0.32;
    %jmp/0 T_0.30, 8;
 ; End of false expr.
    %blend;
T_0.30;
    %store/vec4 v0x14e60f1e0_0, 0, 4;
    %jmp T_0.28;
T_0.26 ;
    %pushi/vec4 8, 0, 4;
    %store/vec4 v0x14e60f1e0_0, 0, 4;
    %jmp T_0.28;
T_0.27 ;
    %pushi/vec4 9, 0, 4;
    %store/vec4 v0x14e60f1e0_0, 0, 4;
    %jmp T_0.28;
T_0.28 ;
    %pop/vec4 1;
    %jmp T_0.8;
T_0.8 ;
    %pop/vec4 1;
    %jmp T_0;
    .thread T_0, $push;
# The file index is used to find the file name in the following table.
:file_names 3;
    "N/A";
    "<interactive>";
    "ALU_Control.v";
