#! /opt/homebrew/Cellar/icarus-verilog/12.0/bin/vvp
:ivl_version "12.0 (stable)";
:ivl_delay_selection "TYPICAL";
:vpi_time_precision + 0;
:vpi_module "/opt/homebrew/Cellar/icarus-verilog/12.0/lib/ivl/system.vpi";
:vpi_module "/opt/homebrew/Cellar/icarus-verilog/12.0/lib/ivl/vhdl_sys.vpi";
:vpi_module "/opt/homebrew/Cellar/icarus-verilog/12.0/lib/ivl/vhdl_textio.vpi";
:vpi_module "/opt/homebrew/Cellar/icarus-verilog/12.0/lib/ivl/v2005_math.vpi";
:vpi_module "/opt/homebrew/Cellar/icarus-verilog/12.0/lib/ivl/va_math.vpi";
S_0x156704a80 .scope module, "PC" "PC" 2 1;
 .timescale 0 0;
    .port_info 0 /INPUT 1 "clk";
    .port_info 1 /INPUT 1 "rst";
    .port_info 2 /INPUT 32 "imm";
    .port_info 3 /INPUT 1 "zero";
    .port_info 4 /INPUT 1 "branch";
    .port_info 5 /INPUT 32 "rs1";
    .port_info 6 /INPUT 1 "jal";
    .port_info 7 /INPUT 1 "jalr";
    .port_info 8 /OUTPUT 32 "pc";
o0x138008010 .functor BUFZ 1, C4<z>; HiZ drive
v0x156704da0_0 .net "branch", 0 0, o0x138008010;  0 drivers
o0x138008040 .functor BUFZ 1, C4<z>; HiZ drive
v0x156714e30_0 .net "clk", 0 0, o0x138008040;  0 drivers
o0x138008070 .functor BUFZ 32, C4<zzzzzzzzzzzzzzzzzzzzzzzzzzzzzzzz>; HiZ drive
v0x156714ed0_0 .net "imm", 31 0, o0x138008070;  0 drivers
o0x1380080a0 .functor BUFZ 1, C4<z>; HiZ drive
v0x156714f90_0 .net "jal", 0 0, o0x1380080a0;  0 drivers
o0x1380080d0 .functor BUFZ 1, C4<z>; HiZ drive
v0x156715030_0 .net "jalr", 0 0, o0x1380080d0;  0 drivers
v0x156715110_0 .var "next_pc", 31 0;
v0x1567151c0_0 .var "pc", 31 0;
v0x156715270_0 .var "pc_reg", 31 0;
o0x138008190 .functor BUFZ 32, C4<zzzzzzzzzzzzzzzzzzzzzzzzzzzzzzzz>; HiZ drive
v0x156715320_0 .net "rs1", 31 0, o0x138008190;  0 drivers
o0x1380081c0 .functor BUFZ 1, C4<z>; HiZ drive
v0x156715430_0 .net "rst", 0 0, o0x1380081c0;  0 drivers
o0x1380081f0 .functor BUFZ 1, C4<z>; HiZ drive
v0x1567154d0_0 .net "zero", 0 0, o0x1380081f0;  0 drivers
E_0x156704800 .event anyedge, v0x156715270_0;
E_0x156704860 .event posedge, v0x156714e30_0;
E_0x156704d20/0 .event anyedge, v0x156714f90_0, v0x156715270_0, v0x156714ed0_0, v0x156715030_0;
E_0x156704d20/1 .event anyedge, v0x156715320_0, v0x1567154d0_0, v0x156704da0_0;
E_0x156704d20 .event/or E_0x156704d20/0, E_0x156704d20/1;
    .scope S_0x156704a80;
T_0 ;
    %wait E_0x156704d20;
    %load/vec4 v0x156714f90_0;
    %flag_set/vec4 8;
    %jmp/0xz  T_0.0, 8;
    %load/vec4 v0x156715270_0;
    %pad/u 33;
    %load/vec4 v0x156714ed0_0;
    %concati/vec4 0, 0, 1;
    %add;
    %pad/u 32;
    %store/vec4 v0x156715110_0, 0, 32;
    %jmp T_0.1;
T_0.0 ;
    %load/vec4 v0x156715030_0;
    %flag_set/vec4 8;
    %jmp/0xz  T_0.2, 8;
    %load/vec4 v0x156715320_0;
    %load/vec4 v0x156714ed0_0;
    %add;
    %store/vec4 v0x156715110_0, 0, 32;
    %jmp T_0.3;
T_0.2 ;
    %load/vec4 v0x1567154d0_0;
    %pad/u 32;
    %load/vec4 v0x156704da0_0;
    %pad/u 32;
    %and;
    %cmpi/e 0, 0, 32;
    %flag_mov 8, 4;
    %jmp/0 T_0.4, 8;
    %load/vec4 v0x156715270_0;
    %pad/u 33;
    %addi 4, 0, 33;
    %jmp/1 T_0.5, 8;
T_0.4 ; End of true expr.
    %load/vec4 v0x156715270_0;
    %pad/u 33;
    %load/vec4 v0x156714ed0_0;
    %concati/vec4 0, 0, 1;
    %add;
    %jmp/0 T_0.5, 8;
 ; End of false expr.
    %blend;
T_0.5;
    %pad/u 32;
    %store/vec4 v0x156715110_0, 0, 32;
T_0.3 ;
T_0.1 ;
    %jmp T_0;
    .thread T_0, $push;
    .scope S_0x156704a80;
T_1 ;
    %wait E_0x156704860;
    %load/vec4 v0x156715430_0;
    %flag_set/vec4 8;
    %jmp/0xz  T_1.0, 8;
    %pushi/vec4 0, 0, 32;
    %assign/vec4 v0x156715270_0, 0;
    %jmp T_1.1;
T_1.0 ;
    %load/vec4 v0x156715110_0;
    %assign/vec4 v0x156715270_0, 0;
T_1.1 ;
    %jmp T_1;
    .thread T_1;
    .scope S_0x156704a80;
T_2 ;
    %wait E_0x156704800;
    %load/vec4 v0x156715270_0;
    %store/vec4 v0x1567151c0_0, 0, 32;
    %jmp T_2;
    .thread T_2, $push;
# The file index is used to find the file name in the following table.
:file_names 3;
    "N/A";
    "<interactive>";
    "PC.v";
