#! /opt/homebrew/Cellar/icarus-verilog/12.0/bin/vvp
:ivl_version "12.0 (stable)";
:ivl_delay_selection "TYPICAL";
:vpi_time_precision - 12;
:vpi_module "/opt/homebrew/Cellar/icarus-verilog/12.0/lib/ivl/system.vpi";
:vpi_module "/opt/homebrew/Cellar/icarus-verilog/12.0/lib/ivl/vhdl_sys.vpi";
:vpi_module "/opt/homebrew/Cellar/icarus-verilog/12.0/lib/ivl/vhdl_textio.vpi";
:vpi_module "/opt/homebrew/Cellar/icarus-verilog/12.0/lib/ivl/v2005_math.vpi";
:vpi_module "/opt/homebrew/Cellar/icarus-verilog/12.0/lib/ivl/va_math.vpi";
S_0x15a808af0 .scope module, "instruction_decoder_tb" "instruction_decoder_tb" 2 50;
 .timescale -9 -12;
v0x15a81ee40_0 .var "instruction", 31 0;
v0x15a81eef0_0 .net "writeR", 0 0, v0x15a81eca0_0;  1 drivers
v0x15a81efa0_0 .net "writeW", 0 0, v0x15a81ed50_0;  1 drivers
S_0x15a804d50 .scope module, "uut" "instruction_decoder" 2 54, 2 1 0, S_0x15a808af0;
 .timescale 0 0;
    .port_info 0 /INPUT 32 "instruction";
    .port_info 1 /OUTPUT 1 "writeR";
    .port_info 2 /OUTPUT 1 "writeW";
v0x15a808c60_0 .net "instruction", 31 0, v0x15a81ee40_0;  1 drivers
v0x15a81ebf0_0 .net "opcode", 6 0, L_0x15a81f070;  1 drivers
v0x15a81eca0_0 .var "writeR", 0 0;
v0x15a81ed50_0 .var "writeW", 0 0;
E_0x15a809040 .event anyedge, v0x15a81ebf0_0;
L_0x15a81f070 .part v0x15a81ee40_0, 0, 7;
    .scope S_0x15a804d50;
T_0 ;
    %wait E_0x15a809040;
    %load/vec4 v0x15a81ebf0_0;
    %dup/vec4;
    %pushi/vec4 51, 0, 7;
    %cmp/u;
    %jmp/1 T_0.0, 6;
    %dup/vec4;
    %pushi/vec4 19, 0, 7;
    %cmp/u;
    %jmp/1 T_0.1, 6;
    %dup/vec4;
    %pushi/vec4 3, 0, 7;
    %cmp/u;
    %jmp/1 T_0.2, 6;
    %dup/vec4;
    %pushi/vec4 15, 0, 7;
    %cmp/u;
    %jmp/1 T_0.3, 6;
    %dup/vec4;
    %pushi/vec4 35, 0, 7;
    %cmp/u;
    %jmp/1 T_0.4, 6;
    %dup/vec4;
    %pushi/vec4 55, 0, 7;
    %cmp/u;
    %jmp/1 T_0.5, 6;
    %dup/vec4;
    %pushi/vec4 111, 0, 7;
    %cmp/u;
    %jmp/1 T_0.6, 6;
    %pushi/vec4 0, 0, 1;
    %store/vec4 v0x15a81eca0_0, 0, 1;
    %pushi/vec4 0, 0, 1;
    %store/vec4 v0x15a81ed50_0, 0, 1;
    %jmp T_0.8;
T_0.0 ;
    %pushi/vec4 1, 0, 1;
    %store/vec4 v0x15a81eca0_0, 0, 1;
    %pushi/vec4 0, 0, 1;
    %store/vec4 v0x15a81ed50_0, 0, 1;
    %jmp T_0.8;
T_0.1 ;
    %pushi/vec4 1, 0, 1;
    %store/vec4 v0x15a81eca0_0, 0, 1;
    %pushi/vec4 0, 0, 1;
    %store/vec4 v0x15a81ed50_0, 0, 1;
    %jmp T_0.8;
T_0.2 ;
    %pushi/vec4 1, 0, 1;
    %store/vec4 v0x15a81eca0_0, 0, 1;
    %pushi/vec4 0, 0, 1;
    %store/vec4 v0x15a81ed50_0, 0, 1;
    %jmp T_0.8;
T_0.3 ;
    %pushi/vec4 0, 0, 1;
    %store/vec4 v0x15a81eca0_0, 0, 1;
    %pushi/vec4 1, 0, 1;
    %store/vec4 v0x15a81ed50_0, 0, 1;
    %jmp T_0.8;
T_0.4 ;
    %pushi/vec4 0, 0, 1;
    %store/vec4 v0x15a81eca0_0, 0, 1;
    %pushi/vec4 0, 0, 1;
    %store/vec4 v0x15a81ed50_0, 0, 1;
    %jmp T_0.8;
T_0.5 ;
    %pushi/vec4 1, 0, 1;
    %store/vec4 v0x15a81eca0_0, 0, 1;
    %pushi/vec4 0, 0, 1;
    %store/vec4 v0x15a81ed50_0, 0, 1;
    %jmp T_0.8;
T_0.6 ;
    %pushi/vec4 1, 0, 1;
    %store/vec4 v0x15a81eca0_0, 0, 1;
    %pushi/vec4 0, 0, 1;
    %store/vec4 v0x15a81ed50_0, 0, 1;
    %jmp T_0.8;
T_0.8 ;
    %pop/vec4 1;
    %jmp T_0;
    .thread T_0, $push;
    .scope S_0x15a808af0;
T_1 ;
    %vpi_call 2 61 "$dumpfile", "lab8.vcd" {0 0 0};
    %vpi_call 2 62 "$dumpvars" {0 0 0};
    %vpi_call 2 63 "$monitor", "Time=%0t | Instruction=%b | writeR=%b | writeW=%b", $time, v0x15a81ee40_0, v0x15a81eef0_0, v0x15a81efa0_0 {0 0 0};
    %pushi/vec4 51, 0, 32;
    %store/vec4 v0x15a81ee40_0, 0, 32;
    %delay 1000, 0;
    %pushi/vec4 4293918867, 0, 32;
    %store/vec4 v0x15a81ee40_0, 0, 32;
    %delay 1000, 0;
    %pushi/vec4 4261417103, 0, 32;
    %store/vec4 v0x15a81ee40_0, 0, 32;
    %delay 1000, 0;
    %pushi/vec4 4227858595, 0, 32;
    %store/vec4 v0x15a81ee40_0, 0, 32;
    %delay 1000, 0;
    %pushi/vec4 4151, 0, 32;
    %store/vec4 v0x15a81ee40_0, 0, 32;
    %delay 1000, 0;
    %pushi/vec4 4207, 0, 32;
    %store/vec4 v0x15a81ee40_0, 0, 32;
    %delay 1000, 0;
    %vpi_call 2 83 "$finish" {0 0 0};
    %end;
    .thread T_1;
# The file index is used to find the file name in the following table.
:file_names 3;
    "N/A";
    "<interactive>";
    "lab8.v";
