#! /opt/homebrew/Cellar/icarus-verilog/12.0/bin/vvp
:ivl_version "12.0 (stable)";
:ivl_delay_selection "TYPICAL";
:vpi_time_precision + 0;
:vpi_module "/opt/homebrew/Cellar/icarus-verilog/12.0/lib/ivl/system.vpi";
:vpi_module "/opt/homebrew/Cellar/icarus-verilog/12.0/lib/ivl/vhdl_sys.vpi";
:vpi_module "/opt/homebrew/Cellar/icarus-verilog/12.0/lib/ivl/vhdl_textio.vpi";
:vpi_module "/opt/homebrew/Cellar/icarus-verilog/12.0/lib/ivl/v2005_math.vpi";
:vpi_module "/opt/homebrew/Cellar/icarus-verilog/12.0/lib/ivl/va_math.vpi";
S_0x1318072d0 .scope module, "adderTb" "adderTb" 2 12;
 .timescale 0 0;
v0x13181eb00_0 .var "in1", 2 0;
v0x13181eb90_0 .var "in2", 2 0;
v0x13181ec20_0 .net "overflow", 0 0, L_0x13181fa90;  1 drivers
v0x13181ecb0_0 .net "sum", 2 0, L_0x13181ed60;  1 drivers
S_0x131807440 .scope module, "ua" "adder" 2 16, 2 1 0, S_0x1318072d0;
 .timescale 0 0;
    .port_info 0 /INPUT 3 "in1";
    .port_info 1 /INPUT 3 "in2";
    .port_info 2 /OUTPUT 3 "sum";
    .port_info 3 /OUTPUT 1 "overflow";
L_0x13181f020 .functor AND 1, L_0x13181eee0, L_0x13181ef80, C4<1>, C4<1>;
L_0x13181f1d0 .functor NOT 1, L_0x13181f130, C4<0>, C4<0>, C4<0>;
L_0x13181f280 .functor AND 1, L_0x13181f020, L_0x13181f1d0, C4<1>, C4<1>;
L_0x13181f4e0 .functor NOT 1, L_0x13181f390, C4<0>, C4<0>, C4<0>;
L_0x13181f670 .functor NOT 1, L_0x13181f550, C4<0>, C4<0>, C4<0>;
L_0x13181f730 .functor AND 1, L_0x13181f4e0, L_0x13181f670, C4<1>, C4<1>;
L_0x13181f940 .functor AND 1, L_0x13181f730, L_0x13181f820, C4<1>, C4<1>;
L_0x13181fa90 .functor OR 1, L_0x13181f280, L_0x13181f940, C4<0>, C4<0>;
v0x13180d800_0 .net *"_ivl_10", 0 0, L_0x13181f1d0;  1 drivers
v0x13181de40_0 .net *"_ivl_12", 0 0, L_0x13181f280;  1 drivers
v0x13181def0_0 .net *"_ivl_15", 0 0, L_0x13181f390;  1 drivers
v0x13181dfb0_0 .net *"_ivl_16", 0 0, L_0x13181f4e0;  1 drivers
v0x13181e060_0 .net *"_ivl_19", 0 0, L_0x13181f550;  1 drivers
v0x13181e150_0 .net *"_ivl_20", 0 0, L_0x13181f670;  1 drivers
v0x13181e200_0 .net *"_ivl_22", 0 0, L_0x13181f730;  1 drivers
v0x13181e2b0_0 .net *"_ivl_25", 0 0, L_0x13181f820;  1 drivers
v0x13181e360_0 .net *"_ivl_26", 0 0, L_0x13181f940;  1 drivers
v0x13181e470_0 .net *"_ivl_3", 0 0, L_0x13181eee0;  1 drivers
v0x13181e520_0 .net *"_ivl_5", 0 0, L_0x13181ef80;  1 drivers
v0x13181e5d0_0 .net *"_ivl_6", 0 0, L_0x13181f020;  1 drivers
v0x13181e680_0 .net *"_ivl_9", 0 0, L_0x13181f130;  1 drivers
v0x13181e730_0 .net "in1", 2 0, v0x13181eb00_0;  1 drivers
v0x13181e7e0_0 .net "in2", 2 0, v0x13181eb90_0;  1 drivers
v0x13181e890_0 .net "overflow", 0 0, L_0x13181fa90;  alias, 1 drivers
v0x13181e930_0 .net "sum", 2 0, L_0x13181ed60;  alias, 1 drivers
L_0x13181ed60 .arith/sum 3, v0x13181eb00_0, v0x13181eb90_0;
L_0x13181eee0 .part v0x13181eb00_0, 2, 1;
L_0x13181ef80 .part v0x13181eb90_0, 2, 1;
L_0x13181f130 .part L_0x13181ed60, 2, 1;
L_0x13181f390 .part v0x13181eb00_0, 2, 1;
L_0x13181f550 .part v0x13181eb90_0, 2, 1;
L_0x13181f820 .part L_0x13181ed60, 2, 1;
    .scope S_0x1318072d0;
T_0 ;
    %vpi_call 2 19 "$dumpfile", "lab6.vcd" {0 0 0};
    %vpi_call 2 20 "$dumpvars" {0 0 0};
    %pushi/vec4 0, 0, 6;
    %split/vec4 3;
    %store/vec4 v0x13181eb90_0, 0, 3;
    %store/vec4 v0x13181eb00_0, 0, 3;
    %pushi/vec4 63, 0, 32;
T_0.0 %dup/vec4;
    %pushi/vec4 0, 0, 32;
    %cmp/s;
    %jmp/1xz T_0.1, 5;
    %jmp/1 T_0.1, 4;
    %pushi/vec4 1, 0, 32;
    %sub;
    %delay 10, 0;
    %load/vec4 v0x13181eb00_0;
    %load/vec4 v0x13181eb90_0;
    %concat/vec4; draw_concat_vec4
    %addi 1, 0, 6;
    %split/vec4 3;
    %store/vec4 v0x13181eb90_0, 0, 3;
    %store/vec4 v0x13181eb00_0, 0, 3;
    %jmp T_0.0;
T_0.1 ;
    %pop/vec4 1;
    %delay 10, 0;
    %vpi_call 2 23 "$finish" {0 0 0};
    %end;
    .thread T_0;
# The file index is used to find the file name in the following table.
:file_names 3;
    "N/A";
    "<interactive>";
    "practise1.v";
