#! /opt/homebrew/Cellar/icarus-verilog/12.0/bin/vvp
:ivl_version "12.0 (stable)";
:ivl_delay_selection "TYPICAL";
:vpi_time_precision - 12;
:vpi_module "/opt/homebrew/Cellar/icarus-verilog/12.0/lib/ivl/system.vpi";
:vpi_module "/opt/homebrew/Cellar/icarus-verilog/12.0/lib/ivl/vhdl_sys.vpi";
:vpi_module "/opt/homebrew/Cellar/icarus-verilog/12.0/lib/ivl/vhdl_textio.vpi";
:vpi_module "/opt/homebrew/Cellar/icarus-verilog/12.0/lib/ivl/v2005_math.vpi";
:vpi_module "/opt/homebrew/Cellar/icarus-verilog/12.0/lib/ivl/va_math.vpi";
S_0x147804210 .scope module, "instruction_decoder_tb" "instruction_decoder_tb" 2 42;
 .timescale -9 -12;
v0x147814890_0 .net "immediate", 31 0, v0x147804610_0;  1 drivers
v0x147814940_0 .var "instruction", 31 0;
S_0x147804390 .scope module, "uut" "instruction_decoder" 2 46, 2 1 0, S_0x147804210;
 .timescale 0 0;
    .port_info 0 /INPUT 32 "instruction";
    .port_info 1 /OUTPUT 32 "immediate";
    .port_info 2 /OUTPUT 7 "opcode";
v0x147804610_0 .var "immediate", 31 0;
v0x1478146d0_0 .net "instruction", 31 0, v0x147814940_0;  1 drivers
v0x147814780_0 .net "opcode", 6 0, L_0x1478149f0;  1 drivers
E_0x1478045b0 .event anyedge, v0x147814780_0, v0x1478146d0_0;
L_0x1478149f0 .part v0x147814940_0, 0, 7;
    .scope S_0x147804390;
T_0 ;
    %wait E_0x1478045b0;
    %load/vec4 v0x147814780_0;
    %dup/vec4;
    %pushi/vec4 51, 0, 7;
    %cmp/u;
    %jmp/1 T_0.0, 6;
    %dup/vec4;
    %pushi/vec4 19, 0, 7;
    %cmp/u;
    %jmp/1 T_0.1, 6;
    %dup/vec4;
    %pushi/vec4 3, 0, 7;
    %cmp/u;
    %jmp/1 T_0.2, 6;
    %dup/vec4;
    %pushi/vec4 15, 0, 7;
    %cmp/u;
    %jmp/1 T_0.3, 6;
    %dup/vec4;
    %pushi/vec4 35, 0, 7;
    %cmp/u;
    %jmp/1 T_0.4, 6;
    %dup/vec4;
    %pushi/vec4 55, 0, 7;
    %cmp/u;
    %jmp/1 T_0.5, 6;
    %dup/vec4;
    %pushi/vec4 111, 0, 7;
    %cmp/u;
    %jmp/1 T_0.6, 6;
    %pushi/vec4 0, 0, 32;
    %store/vec4 v0x147804610_0, 0, 32;
    %jmp T_0.8;
T_0.0 ;
    %pushi/vec4 0, 0, 32;
    %store/vec4 v0x147804610_0, 0, 32;
    %jmp T_0.8;
T_0.1 ;
    %load/vec4 v0x1478146d0_0;
    %parti/s 1, 31, 6;
    %replicate 20;
    %load/vec4 v0x1478146d0_0;
    %parti/s 12, 20, 6;
    %concat/vec4; draw_concat_vec4
    %store/vec4 v0x147804610_0, 0, 32;
    %jmp T_0.8;
T_0.2 ;
    %load/vec4 v0x1478146d0_0;
    %parti/s 1, 31, 6;
    %replicate 20;
    %load/vec4 v0x1478146d0_0;
    %parti/s 12, 20, 6;
    %concat/vec4; draw_concat_vec4
    %store/vec4 v0x147804610_0, 0, 32;
    %jmp T_0.8;
T_0.3 ;
    %load/vec4 v0x1478146d0_0;
    %parti/s 1, 31, 6;
    %replicate 20;
    %load/vec4 v0x1478146d0_0;
    %parti/s 7, 25, 6;
    %concat/vec4; draw_concat_vec4
    %load/vec4 v0x1478146d0_0;
    %parti/s 5, 7, 4;
    %concat/vec4; draw_concat_vec4
    %store/vec4 v0x147804610_0, 0, 32;
    %jmp T_0.8;
T_0.4 ;
    %load/vec4 v0x1478146d0_0;
    %parti/s 1, 31, 6;
    %replicate 19;
    %load/vec4 v0x1478146d0_0;
    %parti/s 1, 31, 6;
    %concat/vec4; draw_concat_vec4
    %load/vec4 v0x1478146d0_0;
    %parti/s 1, 7, 4;
    %concat/vec4; draw_concat_vec4
    %load/vec4 v0x1478146d0_0;
    %parti/s 6, 25, 6;
    %concat/vec4; draw_concat_vec4
    %load/vec4 v0x1478146d0_0;
    %parti/s 4, 8, 5;
    %concat/vec4; draw_concat_vec4
    %concati/vec4 0, 0, 1;
    %store/vec4 v0x147804610_0, 0, 32;
    %jmp T_0.8;
T_0.5 ;
    %load/vec4 v0x1478146d0_0;
    %parti/s 20, 12, 5;
    %concati/vec4 0, 0, 12;
    %store/vec4 v0x147804610_0, 0, 32;
    %jmp T_0.8;
T_0.6 ;
    %load/vec4 v0x1478146d0_0;
    %parti/s 1, 31, 6;
    %replicate 11;
    %load/vec4 v0x1478146d0_0;
    %parti/s 1, 31, 6;
    %concat/vec4; draw_concat_vec4
    %load/vec4 v0x1478146d0_0;
    %parti/s 8, 12, 5;
    %concat/vec4; draw_concat_vec4
    %load/vec4 v0x1478146d0_0;
    %parti/s 1, 20, 6;
    %concat/vec4; draw_concat_vec4
    %load/vec4 v0x1478146d0_0;
    %parti/s 10, 21, 6;
    %concat/vec4; draw_concat_vec4
    %concati/vec4 0, 0, 1;
    %store/vec4 v0x147804610_0, 0, 32;
    %jmp T_0.8;
T_0.8 ;
    %pop/vec4 1;
    %jmp T_0;
    .thread T_0, $push;
    .scope S_0x147804210;
T_1 ;
    %vpi_call 2 52 "$dumpfile", "lab7.vcd" {0 0 0};
    %vpi_call 2 53 "$dumpvars" {0 0 0};
    %vpi_call 2 54 "$monitor", "Time=%0t | Instruction=%b | Immediate=%h", $time, v0x147814940_0, v0x147814890_0 {0 0 0};
    %pushi/vec4 51, 0, 32;
    %store/vec4 v0x147814940_0, 0, 32;
    %delay 1000, 0;
    %pushi/vec4 4293918867, 0, 32;
    %store/vec4 v0x147814940_0, 0, 32;
    %delay 1000, 0;
    %pushi/vec4 4261417103, 0, 32;
    %store/vec4 v0x147814940_0, 0, 32;
    %delay 1000, 0;
    %pushi/vec4 4227858595, 0, 32;
    %store/vec4 v0x147814940_0, 0, 32;
    %delay 1000, 0;
    %pushi/vec4 4151, 0, 32;
    %store/vec4 v0x147814940_0, 0, 32;
    %delay 1000, 0;
    %pushi/vec4 4207, 0, 32;
    %store/vec4 v0x147814940_0, 0, 32;
    %delay 1000, 0;
    %vpi_call 2 74 "$finish" {0 0 0};
    %end;
    .thread T_1;
# The file index is used to find the file name in the following table.
:file_names 3;
    "N/A";
    "<interactive>";
    "instruction_separation.v";
